src/components/Fetchat.tsx(428,71): error TS2367: This comparison appears to be unintentional because the types '"image" | "file" | "voice"' and '"text"' have no overlap.
src/hooks/useQueries.ts(456,42): error TS2345: Argument of type '{ author_id?: string; branch_location?: string; centre?: string; content?: string; created_at?: string; id?: string; pinned?: boolean; visibility?: string; }' is not assignable to parameter of type '{ id?: string; author_id: string; content: string; branch_location?: string; visibility?: string; pinned?: boolean; created_at?: string; updated_at?: string; }'.
  Property 'author_id' is optional in type '{ author_id?: string; branch_location?: string; centre?: string; content?: string; created_at?: string; id?: string; pinned?: boolean; visibility?: string; }' but required in type '{ id?: string; author_id: string; content: string; branch_location?: string; visibility?: string; pinned?: boolean; created_at?: string; updated_at?: string; }'.
src/test/api.service.test.ts(15,3): error TS2305: Module '"../services/api.service"' has no exported member 'profilesService'.
src/test/api.service.test.ts(96,51): error TS2345: Argument of type '{ full_name: string; email: string; status: string; confirmation_number: string; }' is not assignable to parameter of type '{ address?: string; branch_location?: string; center_id?: string; check_in_time?: string; client_name?: string; confirmation_number?: string; created_at?: string; exam_date?: string; exam_name?: string; ... 8 more ...; user_id: string; }'.
  Property 'user_id' is missing in type '{ full_name: string; email: string; status: string; confirmation_number: string; }' but required in type '{ address?: string; branch_location?: string; center_id?: string; check_in_time?: string; client_name?: string; confirmation_number?: string; created_at?: string; exam_date?: string; exam_name?: string; ... 8 more ...; user_id: string; }'.
src/test/api.service.test.ts(190,49): error TS2345: Argument of type '{ client_name: string; exam_name: string; date: string; start_time: string; end_time: string; candidate_count: number; }' is not assignable to parameter of type '{ branch_location?: string; candidate_count?: number; client_name: string; created_at?: string; date: string; end_time: string; exam_name: string; id?: number; start_time: string; updated_at?: string; user_id: string; }'.
  Property 'user_id' is missing in type '{ client_name: string; exam_name: string; date: string; start_time: string; end_time: string; candidate_count: number; }' but required in type '{ branch_location?: string; candidate_count?: number; client_name: string; created_at?: string; date: string; end_time: string; exam_name: string; id?: number; start_time: string; updated_at?: string; user_id: string; }'.
src/test/api.service.test.ts(293,50): error TS2345: Argument of type '{ room_id: string; author_id: string; text: string; }' is not assignable to parameter of type '{ author_id: string; branch_location?: string; content: string; created_at?: string; id?: string; is_broadcast?: boolean; media_path?: string; recipient_id?: string; room_id?: string; room_type?: string; }'.
  Property 'content' is missing in type '{ room_id: string; author_id: string; text: string; }' but required in type '{ author_id: string; branch_location?: string; content: string; created_at?: string; id?: string; is_broadcast?: boolean; media_path?: string; recipient_id?: string; room_id?: string; room_type?: string; }'.
src/test/App.enhanced.test.tsx(304,31): error TS2339: Property 'memory' does not exist on type 'Performance'.
src/test/App.enhanced.test.tsx(305,31): error TS2339: Property 'memory' does not exist on type 'Performance'.
src/test/App.enhanced.test.tsx(306,31): error TS2339: Property 'memory' does not exist on type 'Performance'.
src/test/FetsConnect.test.tsx(24,1): error TS2582: Cannot find name 'describe'. Do you need to install type definitions for a test runner? Try `npm i --save-dev @types/jest` or `npm i --save-dev @types/mocha`.
src/test/FetsConnect.test.tsx(25,3): error TS2582: Cannot find name 'it'. Do you need to install type definitions for a test runner? Try `npm i --save-dev @types/jest` or `npm i --save-dev @types/mocha`.
src/test/FetsConnect.test.tsx(34,5): error TS2304: Cannot find name 'expect'.
src/test/useFetsConnect.test.tsx(53,19): error TS2345: Argument of type '{ content: string; author_id: string; }' is not assignable to parameter of type '{ content: string; author_id: string; author: any; }'.
  Property 'author' is missing in type '{ content: string; author_id: string; }' but required in type '{ content: string; author_id: string; author: any; }'.
src/test/useFetsConnect.test.tsx(103,22): error TS2345: Argument of type '{ post_id: string; author_id: string; content: string; }' is not assignable to parameter of type '{ post_id: string; author_id: string; content: string; author: any; }'.
  Property 'author' is missing in type '{ post_id: string; author_id: string; content: string; }' but required in type '{ post_id: string; author_id: string; content: string; author: any; }'.
